build/app/intermediates/manifest_merge_blame_file/release/manifest-merger-blame-release-report.txt
1<?xml version="1.0" encoding="utf-8"?>
2<manifest xmlns:android="http://schemas.android.com/apk/res/android"
3    package="com.marcoincerti.biorhythms"
4    android:versionCode="9"
5    android:versionName="1.5.1" >
6
7    <uses-sdk
8        android:minSdkVersion="28"
8-->src/main/AndroidManifest.xml
9        android:targetSdkVersion="30" />
9-->src/main/AndroidManifest.xml
10
11    <uses-permission android:name="android.permission.INTERNET" />
11-->src/main/AndroidManifest.xml:3:5-66
11-->src/main/AndroidManifest.xml:3:22-64
12    <uses-permission android:name="android.permission.RECEIVE_BOOT_COMPLETED" />
12-->src/main/AndroidManifest.xml:4:5-80
12-->src/main/AndroidManifest.xml:4:22-78
13    <uses-permission android:name="android.permission.VIBRATE" />
13-->src/main/AndroidManifest.xml:5:5-66
13-->src/main/AndroidManifest.xml:5:22-63
14    <uses-permission android:name="android.permission.WAKE_LOCK" />
14-->src/main/AndroidManifest.xml:6:5-68
14-->src/main/AndroidManifest.xml:6:22-65
15    <uses-permission android:name="android.permission.ACCESS_NETWORK_STATE" /> <!-- Required by older versions of Google Play services to create IID tokens -->
15-->[:firebase_analytics] AndroidManifest.xml:7:5-79
15-->[:firebase_analytics] AndroidManifest.xml:7:22-76
16    <uses-permission android:name="com.google.android.c2dm.permission.RECEIVE" />
16-->[com.google.firebase:firebase-messaging:22.0.0] AndroidManifest.xml:25:5-82
16-->[com.google.firebase:firebase-messaging:22.0.0] AndroidManifest.xml:25:22-79
17    <uses-permission android:name="com.google.android.finsky.permission.BIND_GET_INSTALL_REFERRER_SERVICE" /> <!-- Android package visibility setting -->
17-->[com.google.android.gms:play-services-measurement:19.0.0] AndroidManifest.xml:26:5-110
17-->[com.google.android.gms:play-services-measurement:19.0.0] AndroidManifest.xml:26:22-107
18    <queries>
18-->[com.google.android.gms:play-services-ads-lite:20.1.0] AndroidManifest.xml:27:5-43:15
19
20        <!-- For browser content -->
21        <intent>
21-->[com.google.android.gms:play-services-ads-lite:20.1.0] AndroidManifest.xml:30:9-36:18
22            <action android:name="android.intent.action.VIEW" />
22-->[com.google.android.gms:play-services-ads-lite:20.1.0] AndroidManifest.xml:31:13-65
22-->[com.google.android.gms:play-services-ads-lite:20.1.0] AndroidManifest.xml:31:21-62
23
24            <category android:name="android.intent.category.BROWSABLE" />
24-->[com.google.android.gms:play-services-ads-lite:20.1.0] AndroidManifest.xml:33:13-74
24-->[com.google.android.gms:play-services-ads-lite:20.1.0] AndroidManifest.xml:33:23-71
25
26            <data android:scheme="https" />
26-->[com.google.android.gms:play-services-ads-lite:20.1.0] AndroidManifest.xml:35:13-44
26-->[com.google.android.gms:play-services-ads-lite:20.1.0] AndroidManifest.xml:35:19-41
27        </intent>
28        <!-- End of browser content -->
29        <!-- For CustomTabsService -->
30        <intent>
30-->[com.google.android.gms:play-services-ads-lite:20.1.0] AndroidManifest.xml:39:9-41:18
31            <action android:name="android.support.customtabs.action.CustomTabsService" />
31-->[com.google.android.gms:play-services-ads-lite:20.1.0] AndroidManifest.xml:40:13-90
31-->[com.google.android.gms:play-services-ads-lite:20.1.0] AndroidManifest.xml:40:21-87
32        </intent>
33        <!-- End of CustomTabsService -->
34    </queries> <!-- Permission will be merged into the manifest of the hosting app. -->
35    <!-- Is required to launch foreground extraction service for targetSdkVersion 28+. -->
36    <uses-permission android:name="android.permission.FOREGROUND_SERVICE" />
36-->[com.google.android.play:core:1.9.1] AndroidManifest.xml:8:3-74
36-->[com.google.android.play:core:1.9.1] AndroidManifest.xml:8:20-72
37
38    <application
38-->src/main/AndroidManifest.xml:7:4-49:19
39        android:appComponentFactory="androidx.core.app.CoreComponentFactory"
39-->[androidx.core:core:1.3.0] AndroidManifest.xml:24:18-86
40        android:extractNativeLibs="false"
41        android:icon="@mipmap/ic_launcher"
41-->src/main/AndroidManifest.xml:9:9-43
42        android:label="Horoscope and Biorhythms" >
42-->src/main/AndroidManifest.xml:8:9-49
43        <activity
43-->src/main/AndroidManifest.xml:10:9-40:20
44            android:name="com.marcoincerti.biorhythms.MainActivity"
44-->src/main/AndroidManifest.xml:11:13-41
45            android:configChanges="orientation|keyboardHidden|keyboard|screenSize|smallestScreenSize|locale|layoutDirection|fontScale|screenLayout|density|uiMode"
45-->src/main/AndroidManifest.xml:14:13-163
46            android:hardwareAccelerated="true"
46-->src/main/AndroidManifest.xml:15:13-47
47            android:launchMode="singleTop"
47-->src/main/AndroidManifest.xml:12:13-43
48            android:showWhenLocked="true"
48-->src/main/AndroidManifest.xml:17:13-42
49            android:theme="@style/LaunchTheme"
49-->src/main/AndroidManifest.xml:13:13-47
50            android:turnScreenOn="true"
50-->src/main/AndroidManifest.xml:18:13-40
51            android:windowSoftInputMode="adjustResize" >
51-->src/main/AndroidManifest.xml:16:13-55
52
53            <!--
54                 Specifies an Android theme to apply to this Activity as soon as
55                 the Android process has started. This theme is visible to the user
56                 while the Flutter UI initializes. After that, this theme continues
57                 to determine the Window background behind the Flutter UI.
58            -->
59            <meta-data
59-->src/main/AndroidManifest.xml:23:13-26:17
60                android:name="io.flutter.embedding.android.NormalTheme"
60-->src/main/AndroidManifest.xml:24:15-70
61                android:resource="@style/NormalTheme" />
61-->src/main/AndroidManifest.xml:25:15-52
62            <!--
63                 Displays an Android View that continues showing the launch screen
64                 Drawable until Flutter paints its first frame, then this splash
65                 screen fades out. A splash screen is useful to avoid any visual
66                 gap between the end of Android's launch screen and the painting of
67                 Flutter's first frame.
68            -->
69            <meta-data
69-->src/main/AndroidManifest.xml:32:13-35:17
70                android:name="io.flutter.embedding.android.SplashScreenDrawable"
70-->src/main/AndroidManifest.xml:33:15-79
71                android:resource="@drawable/launch_background" />
71-->src/main/AndroidManifest.xml:34:15-61
72
73            <intent-filter>
73-->src/main/AndroidManifest.xml:36:13-39:29
74                <action android:name="android.intent.action.MAIN" />
74-->src/main/AndroidManifest.xml:37:17-68
74-->src/main/AndroidManifest.xml:37:25-66
75
76                <category android:name="android.intent.category.LAUNCHER" />
76-->src/main/AndroidManifest.xml:38:17-76
76-->src/main/AndroidManifest.xml:38:27-74
77            </intent-filter>
78        </activity>
79        <!--
80             Don't delete the meta-data below.
81             This is used by the Flutter tool to generate GeneratedPluginRegistrant.java
82        -->
83        <meta-data
83-->src/main/AndroidManifest.xml:43:9-45:33
84            android:name="flutterEmbedding"
84-->src/main/AndroidManifest.xml:44:13-44
85            android:value="2" />
85-->src/main/AndroidManifest.xml:45:13-30
86        <meta-data
86-->src/main/AndroidManifest.xml:46:8-48:68
87            android:name="com.google.android.gms.ads.APPLICATION_ID"
87-->src/main/AndroidManifest.xml:47:12-68
88            android:value="ca-app-pub-5115082725145746~6371806118" />
88-->src/main/AndroidManifest.xml:48:12-66
89
90        <service
90-->[:firebase_analytics] AndroidManifest.xml:12:9-16:19
91            android:name="com.google.firebase.components.ComponentDiscoveryService"
91-->[:firebase_analytics] AndroidManifest.xml:12:18-89
92            android:directBootAware="true"
92-->[com.google.firebase:firebase-common:20.0.0] AndroidManifest.xml:35:13-43
93            android:exported="false" >
93-->[com.google.firebase:firebase-perf:20.0.1] AndroidManifest.xml:22:13-37
94            <meta-data
94-->[:firebase_analytics] AndroidManifest.xml:13:13-15:85
95                android:name="com.google.firebase.components:io.flutter.plugins.firebaseanalytics.FlutterFirebaseAppRegistrar"
95-->[:firebase_analytics] AndroidManifest.xml:14:17-127
96                android:value="com.google.firebase.components.ComponentRegistrar" />
96-->[:firebase_analytics] AndroidManifest.xml:15:17-82
97            <meta-data
97-->[:firebase_performance] AndroidManifest.xml:11:13-13:85
98                android:name="com.google.firebase.components:io.flutter.plugins.firebaseperformance.FlutterFirebaseAppRegistrar"
98-->[:firebase_performance] AndroidManifest.xml:12:17-129
99                android:value="com.google.firebase.components.ComponentRegistrar" />
99-->[:firebase_performance] AndroidManifest.xml:13:17-82
100            <meta-data
100-->[:firebase_messaging] AndroidManifest.xml:34:13-36:85
101                android:name="com.google.firebase.components:io.flutter.plugins.firebase.messaging.FlutterFirebaseAppRegistrar"
101-->[:firebase_messaging] AndroidManifest.xml:35:17-128
102                android:value="com.google.firebase.components.ComponentRegistrar" />
102-->[:firebase_messaging] AndroidManifest.xml:36:17-82
103            <meta-data
103-->[:firebase_core] AndroidManifest.xml:9:13-11:85
104                android:name="com.google.firebase.components:io.flutter.plugins.firebase.core.FlutterFirebaseCoreRegistrar"
104-->[:firebase_core] AndroidManifest.xml:10:17-124
105                android:value="com.google.firebase.components.ComponentRegistrar" />
105-->[:firebase_core] AndroidManifest.xml:11:17-82
106            <meta-data
106-->[com.google.firebase:firebase-perf:20.0.1] AndroidManifest.xml:23:13-25:85
107                android:name="com.google.firebase.components:com.google.firebase.perf.FirebasePerfRegistrar"
107-->[com.google.firebase:firebase-perf:20.0.1] AndroidManifest.xml:24:17-109
108                android:value="com.google.firebase.components.ComponentRegistrar" />
108-->[com.google.firebase:firebase-perf:20.0.1] AndroidManifest.xml:25:17-82
109            <meta-data
109-->[com.google.firebase:firebase-messaging:22.0.0] AndroidManifest.xml:52:13-54:85
110                android:name="com.google.firebase.components:com.google.firebase.messaging.FirebaseMessagingRegistrar"
110-->[com.google.firebase:firebase-messaging:22.0.0] AndroidManifest.xml:53:17-119
111                android:value="com.google.firebase.components.ComponentRegistrar" />
111-->[com.google.firebase:firebase-messaging:22.0.0] AndroidManifest.xml:54:17-82
112            <meta-data
112-->[com.google.firebase:firebase-datatransport:18.0.0] AndroidManifest.xml:28:13-30:85
113                android:name="com.google.firebase.components:com.google.firebase.datatransport.TransportRegistrar"
113-->[com.google.firebase:firebase-datatransport:18.0.0] AndroidManifest.xml:29:17-115
114                android:value="com.google.firebase.components.ComponentRegistrar" />
114-->[com.google.firebase:firebase-datatransport:18.0.0] AndroidManifest.xml:30:17-82
115            <meta-data
115-->[com.google.firebase:firebase-config:21.0.0] AndroidManifest.xml:32:13-34:85
116                android:name="com.google.firebase.components:com.google.firebase.remoteconfig.RemoteConfigRegistrar"
116-->[com.google.firebase:firebase-config:21.0.0] AndroidManifest.xml:33:17-117
117                android:value="com.google.firebase.components.ComponentRegistrar" />
117-->[com.google.firebase:firebase-config:21.0.0] AndroidManifest.xml:34:17-82
118            <meta-data
118-->[com.google.android.gms:play-services-measurement-api:19.0.0] AndroidManifest.xml:30:13-32:85
119                android:name="com.google.firebase.components:com.google.firebase.analytics.connector.internal.AnalyticsConnectorRegistrar"
119-->[com.google.android.gms:play-services-measurement-api:19.0.0] AndroidManifest.xml:31:17-139
120                android:value="com.google.firebase.components.ComponentRegistrar" />
120-->[com.google.android.gms:play-services-measurement-api:19.0.0] AndroidManifest.xml:32:17-82
121            <meta-data
121-->[com.google.firebase:firebase-installations:17.0.0] AndroidManifest.xml:18:13-20:85
122                android:name="com.google.firebase.components:com.google.firebase.installations.FirebaseInstallationsRegistrar"
122-->[com.google.firebase:firebase-installations:17.0.0] AndroidManifest.xml:19:17-127
123                android:value="com.google.firebase.components.ComponentRegistrar" />
123-->[com.google.firebase:firebase-installations:17.0.0] AndroidManifest.xml:20:17-82
124            <meta-data
124-->[com.google.firebase:firebase-abt:21.0.0] AndroidManifest.xml:13:13-15:85
125                android:name="com.google.firebase.components:com.google.firebase.abt.component.AbtRegistrar"
125-->[com.google.firebase:firebase-abt:21.0.0] AndroidManifest.xml:14:17-109
126                android:value="com.google.firebase.components.ComponentRegistrar" />
126-->[com.google.firebase:firebase-abt:21.0.0] AndroidManifest.xml:15:17-82
127        </service>
128        <service
128-->[:firebase_messaging] AndroidManifest.xml:12:9-15:72
129            android:name="io.flutter.plugins.firebase.messaging.FlutterFirebaseMessagingBackgroundService"
129-->[:firebase_messaging] AndroidManifest.xml:13:13-107
130            android:exported="false"
130-->[:firebase_messaging] AndroidManifest.xml:14:13-37
131            android:permission="android.permission.BIND_JOB_SERVICE" />
131-->[:firebase_messaging] AndroidManifest.xml:15:13-69
132        <service
132-->[:firebase_messaging] AndroidManifest.xml:16:9-22:19
133            android:name="io.flutter.plugins.firebase.messaging.FlutterFirebaseMessagingService"
133-->[:firebase_messaging] AndroidManifest.xml:17:13-97
134            android:exported="false" >
134-->[:firebase_messaging] AndroidManifest.xml:18:13-37
135            <intent-filter>
135-->[:firebase_messaging] AndroidManifest.xml:19:13-21:29
136                <action android:name="com.google.firebase.MESSAGING_EVENT" />
136-->[:firebase_messaging] AndroidManifest.xml:20:17-78
136-->[:firebase_messaging] AndroidManifest.xml:20:25-75
137            </intent-filter>
138        </service>
139
140        <receiver
140-->[:firebase_messaging] AndroidManifest.xml:24:9-31:20
141            android:name="io.flutter.plugins.firebase.messaging.FlutterFirebaseMessagingReceiver"
141-->[:firebase_messaging] AndroidManifest.xml:25:13-98
142            android:exported="true"
142-->[:firebase_messaging] AndroidManifest.xml:26:13-36
143            android:permission="com.google.android.c2dm.permission.SEND" >
143-->[:firebase_messaging] AndroidManifest.xml:27:13-73
144            <intent-filter>
144-->[:firebase_messaging] AndroidManifest.xml:28:13-30:29
145                <action android:name="com.google.android.c2dm.intent.RECEIVE" />
145-->[:firebase_messaging] AndroidManifest.xml:29:17-81
145-->[:firebase_messaging] AndroidManifest.xml:29:25-78
146            </intent-filter>
147        </receiver>
148
149        <provider
149-->[:firebase_messaging] AndroidManifest.xml:39:9-43:38
150            android:name="io.flutter.plugins.firebase.messaging.FlutterFirebaseMessagingInitProvider"
150-->[:firebase_messaging] AndroidManifest.xml:40:13-102
151            android:authorities="com.marcoincerti.biorhythms.flutterfirebasemessaginginitprovider"
151-->[:firebase_messaging] AndroidManifest.xml:41:13-88
152            android:exported="false"
152-->[:firebase_messaging] AndroidManifest.xml:42:13-37
153            android:initOrder="99" />
153-->[:firebase_messaging] AndroidManifest.xml:43:13-35
154
155        <meta-data
155-->[:google_mobile_ads] AndroidManifest.xml:10:9-12:36
156            android:name="io.flutter.embedded_views_preview"
156-->[:google_mobile_ads] AndroidManifest.xml:11:13-61
157            android:value="true" />
157-->[:google_mobile_ads] AndroidManifest.xml:12:13-33
158
159        <activity
159-->[:url_launcher] AndroidManifest.xml:8:9-11:74
160            android:name="io.flutter.plugins.urllauncher.WebViewActivity"
160-->[:url_launcher] AndroidManifest.xml:9:13-74
161            android:exported="false"
161-->[:url_launcher] AndroidManifest.xml:10:13-37
162            android:theme="@android:style/Theme.NoTitleBar.Fullscreen" />
162-->[:url_launcher] AndroidManifest.xml:11:13-71
163
164        <provider
164-->[com.google.firebase:firebase-perf:20.0.1] AndroidManifest.xml:14:9-18:39
165            android:name="com.google.firebase.perf.provider.FirebasePerfProvider"
165-->[com.google.firebase:firebase-perf:20.0.1] AndroidManifest.xml:15:13-82
166            android:authorities="com.marcoincerti.biorhythms.firebaseperfprovider"
166-->[com.google.firebase:firebase-perf:20.0.1] AndroidManifest.xml:16:13-72
167            android:exported="false"
167-->[com.google.firebase:firebase-perf:20.0.1] AndroidManifest.xml:17:13-37
168            android:initOrder="101" />
168-->[com.google.firebase:firebase-perf:20.0.1] AndroidManifest.xml:18:13-36
169
170        <receiver
170-->[com.google.firebase:firebase-messaging:22.0.0] AndroidManifest.xml:28:9-35:20
171            android:name="com.google.firebase.iid.FirebaseInstanceIdReceiver"
171-->[com.google.firebase:firebase-messaging:22.0.0] AndroidManifest.xml:29:13-78
172            android:exported="true"
172-->[com.google.firebase:firebase-messaging:22.0.0] AndroidManifest.xml:30:13-36
173            android:permission="com.google.android.c2dm.permission.SEND" >
173-->[com.google.firebase:firebase-messaging:22.0.0] AndroidManifest.xml:31:13-73
174            <intent-filter>
174-->[:firebase_messaging] AndroidManifest.xml:28:13-30:29
175                <action android:name="com.google.android.c2dm.intent.RECEIVE" />
175-->[:firebase_messaging] AndroidManifest.xml:29:17-81
175-->[:firebase_messaging] AndroidManifest.xml:29:25-78
176            </intent-filter>
177        </receiver>
178        <!--
179             FirebaseMessagingService performs security checks at runtime,
180             but set to not exported to explicitly avoid allowing another app to call it.
181        -->
182        <service
182-->[com.google.firebase:firebase-messaging:22.0.0] AndroidManifest.xml:41:9-48:19
183            android:name="com.google.firebase.messaging.FirebaseMessagingService"
183-->[com.google.firebase:firebase-messaging:22.0.0] AndroidManifest.xml:42:13-82
184            android:directBootAware="true"
184-->[com.google.firebase:firebase-messaging:22.0.0] AndroidManifest.xml:43:13-43
185            android:exported="false" >
185-->[com.google.firebase:firebase-messaging:22.0.0] AndroidManifest.xml:44:13-37
186            <intent-filter android:priority="-500" >
186-->[:firebase_messaging] AndroidManifest.xml:19:13-21:29
187                <action android:name="com.google.firebase.MESSAGING_EVENT" />
187-->[:firebase_messaging] AndroidManifest.xml:20:17-78
187-->[:firebase_messaging] AndroidManifest.xml:20:25-75
188            </intent-filter>
189        </service>
190
191        <provider
191-->[com.google.firebase:firebase-common:20.0.0] AndroidManifest.xml:26:9-31:39
192            android:name="com.google.firebase.provider.FirebaseInitProvider"
192-->[com.google.firebase:firebase-common:20.0.0] AndroidManifest.xml:27:13-77
193            android:authorities="com.marcoincerti.biorhythms.firebaseinitprovider"
193-->[com.google.firebase:firebase-common:20.0.0] AndroidManifest.xml:28:13-72
194            android:directBootAware="true"
194-->[com.google.firebase:firebase-common:20.0.0] AndroidManifest.xml:29:13-43
195            android:exported="false"
195-->[com.google.firebase:firebase-common:20.0.0] AndroidManifest.xml:30:13-37
196            android:initOrder="100" />
196-->[com.google.firebase:firebase-common:20.0.0] AndroidManifest.xml:31:13-36
197
198        <receiver
198-->[com.google.android.gms:play-services-measurement:19.0.0] AndroidManifest.xml:29:9-33:20
199            android:name="com.google.android.gms.measurement.AppMeasurementReceiver"
199-->[com.google.android.gms:play-services-measurement:19.0.0] AndroidManifest.xml:30:13-85
200            android:enabled="true"
200-->[com.google.android.gms:play-services-measurement:19.0.0] AndroidManifest.xml:31:13-35
201            android:exported="false" >
201-->[com.google.android.gms:play-services-measurement:19.0.0] AndroidManifest.xml:32:13-37
202        </receiver>
203
204        <service
204-->[com.google.android.gms:play-services-measurement:19.0.0] AndroidManifest.xml:35:9-38:40
205            android:name="com.google.android.gms.measurement.AppMeasurementService"
205-->[com.google.android.gms:play-services-measurement:19.0.0] AndroidManifest.xml:36:13-84
206            android:enabled="true"
206-->[com.google.android.gms:play-services-measurement:19.0.0] AndroidManifest.xml:37:13-35
207            android:exported="false" />
207-->[com.google.android.gms:play-services-measurement:19.0.0] AndroidManifest.xml:38:13-37
208        <service
208-->[com.google.android.gms:play-services-measurement:19.0.0] AndroidManifest.xml:39:9-43:72
209            android:name="com.google.android.gms.measurement.AppMeasurementJobService"
209-->[com.google.android.gms:play-services-measurement:19.0.0] AndroidManifest.xml:40:13-87
210            android:enabled="true"
210-->[com.google.android.gms:play-services-measurement:19.0.0] AndroidManifest.xml:41:13-35
211            android:exported="false"
211-->[com.google.android.gms:play-services-measurement:19.0.0] AndroidManifest.xml:42:13-37
212            android:permission="android.permission.BIND_JOB_SERVICE" /> <!-- Include the AdActivity and InAppPurchaseActivity configChanges and themes. -->
212-->[com.google.android.gms:play-services-measurement:19.0.0] AndroidManifest.xml:43:13-69
213        <activity
213-->[com.google.android.gms:play-services-ads-lite:20.1.0] AndroidManifest.xml:48:9-52:64
214            android:name="com.google.android.gms.ads.AdActivity"
214-->[com.google.android.gms:play-services-ads-lite:20.1.0] AndroidManifest.xml:49:13-65
215            android:configChanges="keyboard|keyboardHidden|orientation|screenLayout|uiMode|screenSize|smallestScreenSize"
215-->[com.google.android.gms:play-services-ads-lite:20.1.0] AndroidManifest.xml:50:13-122
216            android:exported="false"
216-->[com.google.android.gms:play-services-ads-lite:20.1.0] AndroidManifest.xml:51:13-37
217            android:theme="@android:style/Theme.Translucent" />
217-->[com.google.android.gms:play-services-ads-lite:20.1.0] AndroidManifest.xml:52:13-61
218
219        <provider
219-->[com.google.android.gms:play-services-ads-lite:20.1.0] AndroidManifest.xml:54:9-58:39
220            android:name="com.google.android.gms.ads.MobileAdsInitProvider"
220-->[com.google.android.gms:play-services-ads-lite:20.1.0] AndroidManifest.xml:55:13-76
221            android:authorities="com.marcoincerti.biorhythms.mobileadsinitprovider"
221-->[com.google.android.gms:play-services-ads-lite:20.1.0] AndroidManifest.xml:56:13-73
222            android:exported="false"
222-->[com.google.android.gms:play-services-ads-lite:20.1.0] AndroidManifest.xml:57:13-37
223            android:initOrder="100" />
223-->[com.google.android.gms:play-services-ads-lite:20.1.0] AndroidManifest.xml:58:13-36
224
225        <service
225-->[com.google.android.gms:play-services-ads-lite:20.1.0] AndroidManifest.xml:60:9-63:40
226            android:name="com.google.android.gms.ads.AdService"
226-->[com.google.android.gms:play-services-ads-lite:20.1.0] AndroidManifest.xml:61:13-64
227            android:enabled="true"
227-->[com.google.android.gms:play-services-ads-lite:20.1.0] AndroidManifest.xml:62:13-35
228            android:exported="false" />
228-->[com.google.android.gms:play-services-ads-lite:20.1.0] AndroidManifest.xml:63:13-37
229
230        <meta-data
230-->[com.google.android.gms:play-services-basement:17.6.0] AndroidManifest.xml:23:9-25:69
231            android:name="com.google.android.gms.version"
231-->[com.google.android.gms:play-services-basement:17.6.0] AndroidManifest.xml:24:13-58
232            android:value="@integer/google_play_services_version" />
232-->[com.google.android.gms:play-services-basement:17.6.0] AndroidManifest.xml:25:13-66
233
234        <provider
234-->[androidx.work:work-runtime:2.1.0] AndroidManifest.xml:30:9-36:35
235            android:name="androidx.work.impl.WorkManagerInitializer"
235-->[androidx.work:work-runtime:2.1.0] AndroidManifest.xml:31:13-69
236            android:authorities="com.marcoincerti.biorhythms.workmanager-init"
236-->[androidx.work:work-runtime:2.1.0] AndroidManifest.xml:32:13-68
237            android:directBootAware="false"
237-->[androidx.work:work-runtime:2.1.0] AndroidManifest.xml:33:13-44
238            android:exported="false"
238-->[androidx.work:work-runtime:2.1.0] AndroidManifest.xml:34:13-37
239            android:multiprocess="true" />
239-->[androidx.work:work-runtime:2.1.0] AndroidManifest.xml:35:13-40
240
241        <service
241-->[androidx.work:work-runtime:2.1.0] AndroidManifest.xml:38:9-43:35
242            android:name="androidx.work.impl.background.systemalarm.SystemAlarmService"
242-->[androidx.work:work-runtime:2.1.0] AndroidManifest.xml:39:13-88
243            android:directBootAware="false"
243-->[androidx.work:work-runtime:2.1.0] AndroidManifest.xml:40:13-44
244            android:enabled="@bool/enable_system_alarm_service_default"
244-->[androidx.work:work-runtime:2.1.0] AndroidManifest.xml:41:13-72
245            android:exported="false" />
245-->[androidx.work:work-runtime:2.1.0] AndroidManifest.xml:42:13-37
246        <service
246-->[androidx.work:work-runtime:2.1.0] AndroidManifest.xml:44:9-50:35
247            android:name="androidx.work.impl.background.systemjob.SystemJobService"
247-->[androidx.work:work-runtime:2.1.0] AndroidManifest.xml:45:13-84
248            android:directBootAware="false"
248-->[androidx.work:work-runtime:2.1.0] AndroidManifest.xml:46:13-44
249            android:enabled="@bool/enable_system_job_service_default"
249-->[androidx.work:work-runtime:2.1.0] AndroidManifest.xml:47:13-70
250            android:exported="true"
250-->[androidx.work:work-runtime:2.1.0] AndroidManifest.xml:48:13-36
251            android:permission="android.permission.BIND_JOB_SERVICE" />
251-->[androidx.work:work-runtime:2.1.0] AndroidManifest.xml:49:13-69
252
253        <receiver
253-->[androidx.work:work-runtime:2.1.0] AndroidManifest.xml:52:9-57:35
254            android:name="androidx.work.impl.utils.ForceStopRunnable$BroadcastReceiver"
254-->[androidx.work:work-runtime:2.1.0] AndroidManifest.xml:53:13-88
255            android:directBootAware="false"
255-->[androidx.work:work-runtime:2.1.0] AndroidManifest.xml:54:13-44
256            android:enabled="true"
256-->[androidx.work:work-runtime:2.1.0] AndroidManifest.xml:55:13-35
257            android:exported="false" />
257-->[androidx.work:work-runtime:2.1.0] AndroidManifest.xml:56:13-37
258        <receiver
258-->[androidx.work:work-runtime:2.1.0] AndroidManifest.xml:58:9-68:20
259            android:name="androidx.work.impl.background.systemalarm.ConstraintProxy$BatteryChargingProxy"
259-->[androidx.work:work-runtime:2.1.0] AndroidManifest.xml:59:13-106
260            android:directBootAware="false"
260-->[androidx.work:work-runtime:2.1.0] AndroidManifest.xml:60:13-44
261            android:enabled="false"
261-->[androidx.work:work-runtime:2.1.0] AndroidManifest.xml:61:13-36
262            android:exported="false" >
262-->[androidx.work:work-runtime:2.1.0] AndroidManifest.xml:62:13-37
263            <intent-filter>
263-->[androidx.work:work-runtime:2.1.0] AndroidManifest.xml:64:13-67:29
264                <action android:name="android.intent.action.ACTION_POWER_CONNECTED" />
264-->[androidx.work:work-runtime:2.1.0] AndroidManifest.xml:65:17-87
264-->[androidx.work:work-runtime:2.1.0] AndroidManifest.xml:65:25-84
265                <action android:name="android.intent.action.ACTION_POWER_DISCONNECTED" />
265-->[androidx.work:work-runtime:2.1.0] AndroidManifest.xml:66:17-90
265-->[androidx.work:work-runtime:2.1.0] AndroidManifest.xml:66:25-87
266            </intent-filter>
267        </receiver>
268        <receiver
268-->[androidx.work:work-runtime:2.1.0] AndroidManifest.xml:69:9-79:20
269            android:name="androidx.work.impl.background.systemalarm.ConstraintProxy$BatteryNotLowProxy"
269-->[androidx.work:work-runtime:2.1.0] AndroidManifest.xml:70:13-104
270            android:directBootAware="false"
270-->[androidx.work:work-runtime:2.1.0] AndroidManifest.xml:71:13-44
271            android:enabled="false"
271-->[androidx.work:work-runtime:2.1.0] AndroidManifest.xml:72:13-36
272            android:exported="false" >
272-->[androidx.work:work-runtime:2.1.0] AndroidManifest.xml:73:13-37
273            <intent-filter>
273-->[androidx.work:work-runtime:2.1.0] AndroidManifest.xml:75:13-78:29
274                <action android:name="android.intent.action.BATTERY_OKAY" />
274-->[androidx.work:work-runtime:2.1.0] AndroidManifest.xml:76:17-77
274-->[androidx.work:work-runtime:2.1.0] AndroidManifest.xml:76:25-74
275                <action android:name="android.intent.action.BATTERY_LOW" />
275-->[androidx.work:work-runtime:2.1.0] AndroidManifest.xml:77:17-76
275-->[androidx.work:work-runtime:2.1.0] AndroidManifest.xml:77:25-73
276            </intent-filter>
277        </receiver>
278        <receiver
278-->[androidx.work:work-runtime:2.1.0] AndroidManifest.xml:80:9-90:20
279            android:name="androidx.work.impl.background.systemalarm.ConstraintProxy$StorageNotLowProxy"
279-->[androidx.work:work-runtime:2.1.0] AndroidManifest.xml:81:13-104
280            android:directBootAware="false"